
/home/runner/work/exp-optimization-jacobians-hessians-iitb/exp-optimization-jacobians-hessians-iitb/experiment/simulation/common_libraries/js/ts_components/collapse_step.js
   1:10  warning  'show_step' is defined but never used                 no-unused-vars
   2:5   warning  '$' is not defined                                    no-undef
   3:9   warning  '$' is not defined                                    no-undef
   6:10  warning  'hide_step' is defined but never used                 no-unused-vars
   7:5   warning  '$' is not defined                                    no-undef
   8:9   warning  '$' is not defined                                    no-undef
  11:10  warning  'get_collapse_btn_text' is defined but never used     no-unused-vars
  20:10  warning  'get_collapse_btn_element' is defined but never used  no-unused-vars
  29:10  warning  'hide_all_steps' is defined but never used            no-unused-vars
  31:9   warning  '$' is not defined                                    no-undef

/home/runner/work/exp-optimization-jacobians-hessians-iitb/exp-optimization-jacobians-hessians-iitb/experiment/simulation/common_libraries/js/ts_components/matrix.js
   27:26  warning  'MathJax' is not defined                                no-undef
   32:7   warning  'Matrix_Without_String' is defined but never used       no-unused-vars
   52:26  warning  'MathJax' is not defined                                no-undef
   56:10  warning  'get_matrix_html' is defined but never used             no-unused-vars
   87:13  warning  'row_html' is assigned a value but never used           no-unused-vars
   99:10  warning  'get_matrix_html_with_title' is defined but never used  no-unused-vars
  131:13  warning  'row_html' is assigned a value but never used           no-unused-vars
  143:10  warning  'convert_2d_to_1d_vector' is defined but never used     no-unused-vars
  156:10  warning  'convert_1d_to_2d_matrix' is defined but never used     no-unused-vars

/home/runner/work/exp-optimization-jacobians-hessians-iitb/exp-optimization-jacobians-hessians-iitb/experiment/simulation/common_libraries/js/ts_components/matrix_2d.js
    2:10  warning  'toLatexBMatrix' is defined but never used              no-unused-vars
   29:10  warning  'toLatexDeterminant' is defined but never used          no-unused-vars
   61:10  warning  'renderMatrixInputs' is defined but never used          no-unused-vars
  111:10  warning  'readMatrix2D' is defined but never used                no-unused-vars
  130:10  warning  'verifyMatrix2D' is defined but never used              no-unused-vars
  141:18  warning  'verify_values' is not defined                          no-undef
  148:10  warning  'transposeMatrix' is defined but never used             no-unused-vars
  165:10  warning  'multiplyMatrices' is defined but never used            no-unused-vars
  200:10  warning  'inverseMatrix' is defined but never used               no-unused-vars
  255:10  warning  'determinant' is defined but never used                 no-unused-vars
  305:10  warning  'convertMatrixInputsToSpans' is defined but never used  no-unused-vars

/home/runner/work/exp-optimization-jacobians-hessians-iitb/exp-optimization-jacobians-hessians-iitb/experiment/simulation/common_libraries/js/ts_components/pannel.js
  8:7  warning  'Pannel' is defined but never used  no-unused-vars

/home/runner/work/exp-optimization-jacobians-hessians-iitb/exp-optimization-jacobians-hessians-iitb/experiment/simulation/common_libraries/js/ts_components/questions.js
   6:17  warning  'op1' is assigned a value but never used      no-unused-vars
   7:17  warning  'op2' is assigned a value but never used      no-unused-vars
   8:17  warning  'op3' is assigned a value but never used      no-unused-vars
   9:17  warning  'op4' is assigned a value but never used      no-unused-vars
  94:7   warning  'Question_Options' is defined but never used  no-unused-vars

/home/runner/work/exp-optimization-jacobians-hessians-iitb/exp-optimization-jacobians-hessians-iitb/experiment/simulation/common_libraries/js/ts_components/tables.js
   19:22  warning  'verify_values' is not defined                                     no-undef
  137:22  warning  'verify_values' is not defined                                     no-undef
  260:7   warning  'Verify_Rows_Cols_6_decimal_places' is defined but never used      no-unused-vars
  311:22  warning  'verify_values' is not defined                                     no-undef
  416:7   warning  'Verify_Rows_Cols_Custom_Fixed_Update1' is defined but never used  no-unused-vars
  468:7   warning  'Show_Table_Custom_Fixed' is defined but never used                no-unused-vars
  506:7   warning  'Verify_Rows_Cols_Strings' is defined but never used               no-unused-vars
  527:22  warning  'verify_values' is not defined                                     no-undef
  663:7   warning  'Display_Table' is defined but never used                          no-unused-vars

/home/runner/work/exp-optimization-jacobians-hessians-iitb/exp-optimization-jacobians-hessians-iitb/experiment/simulation/common_libraries/js/ts_math_library/general_math_functions.js
    1:10  warning  'verify_values' is defined but never used                   no-unused-vars
   17:10  warning  'random1' is defined but never used                         no-unused-vars
   21:10  warning  'std_deviation' is defined but never used                   no-unused-vars
   26:10  warning  'gauss' is defined but never used                           no-unused-vars
   56:10  warning  'hide_panel' is defined but never used                      no-unused-vars
   63:10  warning  'inverse_matrix' is defined but never used                  no-unused-vars
   96:10  warning  'matrix_multiplication' is defined but never used           no-unused-vars
  113:10  warning  'transpose_matrix' is defined but never used                no-unused-vars
  123:10  warning  'matrix_multiplication_8decimal' is defined but never used  no-unused-vars
  140:10  warning  'adjoint_2x2_matrix' is defined but never used              no-unused-vars
  145:10  warning  'find_deteminant' is defined but never used                 no-unused-vars
  174:10  warning  'get_Submatrix' is defined but never used                   no-unused-vars

/home/runner/work/exp-optimization-jacobians-hessians-iitb/exp-optimization-jacobians-hessians-iitb/experiment/simulation/common_libraries/js/ts_math_library/regression.js
   1:10  warning  'regression_linear' is defined but never used            no-unused-vars
  18:10  warning  'regression_linear_1variable' is defined but never used  no-unused-vars
  27:10  warning  'regression_linear_2variable' is defined but never used  no-unused-vars
  52:11  warning  'gauss' is not defined                                   no-undef

/home/runner/work/exp-optimization-jacobians-hessians-iitb/exp-optimization-jacobians-hessians-iitb/experiment/simulation/common_libraries/math.ob.js
  1:745  warning  'b' is already defined  no-redeclare

/home/runner/work/exp-optimization-jacobians-hessians-iitb/exp-optimization-jacobians-hessians-iitb/experiment/simulation/js/activity1.js
   21:9    warning  'MathJax' is not defined                       no-undef
   27:23   warning  'get_matrix_html' is not defined               no-undef
   38:10   warning  'start_act1' is defined but never used         no-unused-vars
   43:20   warning  'get_collapse_btn_text' is not defined         no-undef
   49:50   warning  'u' is not defined                             no-undef
   50:55   warning  'v' is not defined                             no-undef
   53:123  warning  'x' is not defined                             no-undef
   53:128  warning  'y' is not defined                             no-undef
   66:5    warning  'hide_all_steps' is not defined                no-undef
   69:9    warning  'MathJax' is not defined                       no-undef
   71:22   warning  'show_step' is not defined                     no-undef
   74:18   warning  'u' is not defined                             no-undef
   74:32   warning  'x' is not defined                             no-undef
   74:36   warning  'u' is not defined                             no-undef
   74:47   warning  'y' is not defined                             no-undef
   75:28   warning  'x' is not defined                             no-undef
   75:31   warning  'u' is not defined                             no-undef
   77:22   warning  'v' is not defined                             no-undef
   77:35   warning  'y' is not defined                             no-undef
   77:39   warning  'v' is not defined                             no-undef
   78:5    warning  'jacobian_vals' is not defined                 no-undef
   81:10   warning  'verify_matrix_a_c' is defined but never used  no-unused-vars
   84:11   warning  'inp_12' is assigned a value but never used    no-unused-vars
   85:11   warning  'inp_21' is assigned a value but never used    no-unused-vars
   86:11   warning  'inp_22' is assigned a value but never used    no-unused-vars
   87:32   warning  'jacobian_vals' is not defined                 no-undef
   88:32   warning  'jacobian_vals' is not defined                 no-undef
   89:32   warning  'jacobian_vals' is not defined                 no-undef
   90:32   warning  'jacobian_vals' is not defined                 no-undef
   91:10   warning  'verify_values' is not defined                 no-undef
   91:50   warning  'jacobian_vals' is not defined                 no-undef
   95:10   warning  'verify_values' is not defined                 no-undef
   95:50   warning  'jacobian_vals' is not defined                 no-undef
   99:10   warning  'verify_values' is not defined                 no-undef
   99:50   warning  'jacobian_vals' is not defined                 no-undef
  103:10   warning  'verify_values' is not defined                 no-undef
  103:50   warning  'jacobian_vals' is not defined                 no-undef
  110:5    warning  'activity2' is not defined                     no-undef
  115:11   warning  'get_matrix_html' is not defined               no-undef
  115:35   warning  'jacobian_vals' is not defined                 no-undef
  115:53   warning  'jacobian_vals' is not defined                 no-undef
  115:73   warning  'jacobian_vals' is not defined                 no-undef
  115:91   warning  'jacobian_vals' is not defined                 no-undef

/home/runner/work/exp-optimization-jacobians-hessians-iitb/exp-optimization-jacobians-hessians-iitb/experiment/simulation/js/activity2.js
    1:10   warning  'activity2' is defined but never used                 no-unused-vars
   16:5    warning  'maindiv' is not defined                              no-undef
   18:9    warning  'MathJax' is not defined                              no-undef
   21:22   warning  'get_matrix_html' is not defined                      no-undef
   31:10   warning  'start_act2' is defined but never used                no-unused-vars
   36:9    warning  'matrix_a_inputs' is assigned a value but never used  no-unused-vars
   36:27   warning  'get_matrix_html' is not defined                      no-undef
   53:9    warning  'matrix_c_inputs' is assigned a value but never used  no-unused-vars
   53:27   warning  'get_matrix_html' is not defined                      no-undef
   58:20   warning  'get_collapse_btn_text' is not defined                no-undef
   65:50   warning  'u' is not defined                                    no-undef
   68:123  warning  'x' is not defined                                    no-undef
   68:128  warning  'y' is not defined                                    no-undef
   79:5    warning  'maindiv' is not defined                              no-undef
   80:5    warning  'hide_all_steps' is not defined                       no-undef
   84:9    warning  'MathJax' is not defined                              no-undef
   86:22   warning  'show_step' is not defined                            no-undef
   89:18   warning  'u' is not defined                                    no-undef
   89:23   warning  'u' is not defined                                    no-undef
   89:42   warning  'x' is not defined                                    no-undef
   89:46   warning  'u' is not defined                                    no-undef
   89:57   warning  'y' is not defined                                    no-undef
   90:18   warning  'u' is not defined                                    no-undef
   90:32   warning  'x' is not defined                                    no-undef
   90:36   warning  'u' is not defined                                    no-undef
   91:18   warning  'u' is not defined                                    no-undef
   91:32   warning  'x' is not defined                                    no-undef
   91:36   warning  'u' is not defined                                    no-undef
   93:5    warning  'hessian_vals' is not defined                         no-undef
   96:10   warning  'verify_hessian' is defined but never used            no-unused-vars
   99:11   warning  'inp_12' is assigned a value but never used           no-unused-vars
  100:11   warning  'inp_21' is assigned a value but never used           no-unused-vars
  101:11   warning  'inp_22' is assigned a value but never used           no-unused-vars
  102:32   warning  'hessian_vals' is not defined                         no-undef
  103:32   warning  'hessian_vals' is not defined                         no-undef
  104:32   warning  'hessian_vals' is not defined                         no-undef
  105:32   warning  'hessian_vals' is not defined                         no-undef
  106:10   warning  'verify_values' is not defined                        no-undef
  106:50   warning  'hessian_vals' is not defined                         no-undef
  110:10   warning  'verify_values' is not defined                        no-undef
  110:50   warning  'hessian_vals' is not defined                         no-undef
  114:10   warning  'verify_values' is not defined                        no-undef
  114:50   warning  'hessian_vals' is not defined                         no-undef
  118:10   warning  'verify_values' is not defined                        no-undef
  118:50   warning  'hessian_vals' is not defined                         no-undef
  129:11   warning  'get_matrix_html' is not defined                      no-undef
  129:35   warning  'hessian_vals' is not defined                         no-undef
  129:52   warning  'hessian_vals' is not defined                         no-undef
  129:71   warning  'hessian_vals' is not defined                         no-undef
  129:88   warning  'hessian_vals' is not defined                         no-undef

/home/runner/work/exp-optimization-jacobians-hessians-iitb/exp-optimization-jacobians-hessians-iitb/experiment/simulation/js/activity3.js
   1:10   warning  'activity3' is defined but never used         no-unused-vars
  16:5    warning  'maindiv' is not defined                      no-undef
  18:9    warning  'MathJax' is not defined                      no-undef
  21:10   warning  'start_act3' is defined but never used        no-unused-vars
  26:27   warning  'get_matrix_html' is not defined              no-undef
  31:20   warning  'get_collapse_btn_text' is not defined        no-undef
  38:44   warning  'get_matrix_html' is not defined              no-undef
  38:66   warning  'mat_a' is not defined                        no-undef
  38:166  warning  'get_matrix_html' is not defined              no-undef
  38:188  warning  'mat_c' is not defined                        no-undef
  49:5    warning  'maindiv' is not defined                      no-undef
  50:5    warning  'hide_all_steps' is not defined               no-undef
  53:9    warning  'MathJax' is not defined                      no-undef
  55:22   warning  'show_step' is not defined                    no-undef
  59:12   warning  'mat_c' is not defined                        no-undef
  60:12   warning  'mat_c' is not defined                        no-undef
  61:12   warning  'mat_c' is not defined                        no-undef
  62:5    warning  'mat_x' is not defined                        no-undef
  62:13   warning  'back_sub' is not defined                     no-undef
  62:22   warning  'mat_a' is not defined                        no-undef
  63:5    warning  'mat_c' is not defined                        no-undef
  64:5    warning  'mat_c' is not defined                        no-undef
  66:10   warning  'verify_matrix_bs' is defined but never used  no-unused-vars
  69:32   warning  'mat_x' is not defined                        no-undef
  73:14   warning  'verify_values' is not defined                no-undef
  73:53   warning  'mat_x' is not defined                        no-undef
  81:5    warning  'maindiv' is not defined                      no-undef
  85:24   warning  'get_matrix_html' is not defined              no-undef
  85:46   warning  'mat_a' is not defined                        no-undef
  85:146  warning  'get_matrix_html' is not defined              no-undef
  85:168  warning  'mat_c' is not defined                        no-undef

/home/runner/work/exp-optimization-jacobians-hessians-iitb/exp-optimization-jacobians-hessians-iitb/experiment/simulation/js/data.js
  1:7   warning  'u' is assigned a value but never used              no-unused-vars
  1:11  warning  'random1' is not defined                            no-undef
  2:7   warning  'v' is assigned a value but never used              no-unused-vars
  2:11  warning  'random1' is not defined                            no-undef
  3:7   warning  'x' is assigned a value but never used              no-unused-vars
  3:11  warning  'random1' is not defined                            no-undef
  4:7   warning  'y' is assigned a value but never used              no-unused-vars
  4:11  warning  'random1' is not defined                            no-undef
  5:7   warning  'jacobian_vals' is assigned a value but never used  no-unused-vars
  6:7   warning  'hessian_vals' is assigned a value but never used   no-unused-vars

/home/runner/work/exp-optimization-jacobians-hessians-iitb/exp-optimization-jacobians-hessians-iitb/experiment/simulation/js/gauss_ele.js
  42:10  warning  'gauss_ele' is defined but never used  no-unused-vars

/home/runner/work/exp-optimization-jacobians-hessians-iitb/exp-optimization-jacobians-hessians-iitb/experiment/simulation/js/screen_size.js
  1:10  warning  'set_screen_size' is defined but never used  no-unused-vars

✖ 198 problems (0 errors, 198 warnings)

